<?xml version="1.0" encoding="UTF-8"?>
<!-- Generated by org.testng.reporters.JUnitXMLReporter -->
<testsuite ignored="0" hostname="DESKTOP-JHCPOK9" failures="0" tests="3" name="Default test" time="0.053" errors="0" timestamp="2021-05-06T12:40:18 IST">
  <testcase classname="com.test.testng.TestNegativePriority" name="t1" time="0.008"/>
  <testcase classname="com.test.testng.TestNegativePriority" name="t0" time="0.002"/>
  <testcase classname="com.test.testng.TestNegativePriority" name="t2" time="0.001"/>
</testsuite> <!-- Default test -->
