<?xml version="1.0" encoding="UTF-8"?>
<testng-results ignored="0" total="3" passed="3" failed="0" skipped="0">
  <reporter-output>
  </reporter-output>
  <suite started-at="2021-05-06T12:40:18 IST" name="Default suite" finished-at="2021-05-06T12:40:18 IST" duration-ms="53">
    <groups>
    </groups>
    <test started-at="2021-05-06T12:40:18 IST" name="Default test" finished-at="2021-05-06T12:40:18 IST" duration-ms="53">
      <class name="com.test.testng.TestNegativePriority">
        <test-method signature="t1()[pri:-100, instance:com.test.testng.TestNegativePriority@2fd1433e]" started-at="2021-05-06T12:40:18 IST" name="t1" finished-at="2021-05-06T12:40:18 IST" duration-ms="8" status="PASS">
          <reporter-output>
          </reporter-output>
        </test-method> <!-- t1 -->
        <test-method signature="t0()[pri:-52, instance:com.test.testng.TestNegativePriority@2fd1433e]" started-at="2021-05-06T12:40:18 IST" name="t0" finished-at="2021-05-06T12:40:18 IST" duration-ms="2" status="PASS">
          <reporter-output>
          </reporter-output>
        </test-method> <!-- t0 -->
        <test-method signature="t2()[pri:0, instance:com.test.testng.TestNegativePriority@2fd1433e]" started-at="2021-05-06T12:40:18 IST" name="t2" finished-at="2021-05-06T12:40:18 IST" duration-ms="1" status="PASS">
          <reporter-output>
          </reporter-output>
        </test-method> <!-- t2 -->
      </class> <!-- com.test.testng.TestNegativePriority -->
    </test> <!-- Default test -->
  </suite> <!-- Default suite -->
</testng-results>
