<?xml version="1.0" encoding="UTF-8"?>
<!-- Generated by org.testng.reporters.JUnitXMLReporter -->
<testsuite ignored="0" hostname="DESKTOP-JHCPOK9" failures="0" tests="9" name="MyTest1" time="0.093" errors="0" timestamp="2021-05-02T11:54:27 IST">
  <testcase classname="com.test.paralleltest.TestClass1" name="test1" time="0.01"/>
  <testcase classname="com.test.paralleltest.TestClass1" name="test3" time="0.01"/>
  <testcase classname="com.test.paralleltest.TestClass1" name="test2" time="0.01"/>
  <testcase classname="com.test.paralleltest.TestClass2" name="test2" time="0.004"/>
  <testcase classname="com.test.paralleltest.TestClass2" name="test1" time="0.003"/>
  <testcase classname="com.test.paralleltest.TestClass2" name="test3" time="0.002"/>
  <testcase classname="com.test.paralleltest.TestClass3" name="test1" time="0.003"/>
  <testcase classname="com.test.paralleltest.TestClass3" name="test2" time="0.002"/>
  <testcase classname="com.test.paralleltest.TestClass3" name="test3" time="0.004"/>
</testsuite> <!-- MyTest1 -->
