<?xml version="1.0" encoding="UTF-8"?>
<!-- Generated by org.testng.reporters.JUnitXMLReporter -->
<testsuite ignored="0" hostname="DESKTOP-JHCPOK9" failures="1" tests="1" name="Test" time="6.653" errors="0" timestamp="2021-05-01T20:31:14 IST">
  <testcase classname="com.test.testng.ScreenshotTest" name="screenshotTest" time="0.013">
    <failure type="java.lang.AssertionError" message="expected [false] but found [true]">
      <![CDATA[java.lang.AssertionError: expected [false] but found [true]
at com.test.testng.ScreenshotTest.screenshotTest(ScreenshotTest.java:22)
at java.base/java.util.ArrayList.forEach(ArrayList.java:1511)
... Removed 32 stack frames]]>
    </failure>
  </testcase> <!-- screenshotTest -->
</testsuite> <!-- Test -->
